2024-11-07 15:01:43,445 - WARNING - [send_at_command.py:57] - No serial ports detected on this system
2024-11-07 15:01:57,129 - WARNING - [send_at_command.py:57] - No serial ports detected on this system
2024-11-07 15:01:58,457 - WARNING - [send_at_command.py:57] - No serial ports detected on this system
2024-11-07 15:03:52,323 - WARNING - [send_at_command.py:57] - No serial ports detected on this system
2024-11-07 15:03:53,545 - WARNING - [send_at_command.py:57] - No serial ports detected on this system
2024-11-07 15:03:54,380 - WARNING - [send_at_command.py:57] - No serial ports detected on this system
2024-11-07 15:03:55,345 - WARNING - [send_at_command.py:57] - No serial ports detected on this system
2024-11-07 15:06:02,175 - DEBUG - [send_at_command.py:78] - Port detected: COM6 - HUAWEI Mobile Connect - 3G PC UI Interface (COM6)
2024-11-07 15:06:02,176 - DEBUG - [send_at_command.py:78] - Port detected: COM7 - HUAWEI Mobile Connect - 3G Application Interface (COM7)
2024-11-07 15:06:02,176 - DEBUG - [send_at_command.py:78] - Port detected: COM8 - HUAWEI Mobile Connect - 3G Modem (SIM port)
2024-11-07 15:06:02,181 - WARNING - [send_at_command.py:144] - No operator information available for port COM8
2024-11-07 15:06:10,764 - INFO - [send_at_command.py:108] - Successfully opened port: COM6
2024-11-07 15:06:10,764 - DEBUG - [send_at_command.py:183] - Successfully sent command: AT
2024-11-07 15:06:10,777 - INFO - [send_at_command.py:192] - Response received: AT
2024-11-07 15:06:25,095 - DEBUG - [send_at_command.py:78] - Port detected: COM6 - HUAWEI Mobile Connect - 3G PC UI Interface (COM6)
2024-11-07 15:06:25,095 - DEBUG - [send_at_command.py:78] - Port detected: COM7 - HUAWEI Mobile Connect - 3G Application Interface (COM7)
2024-11-07 15:06:25,095 - DEBUG - [send_at_command.py:78] - Port detected: COM8 - HUAWEI Mobile Connect - 3G Modem (SIM port)
2024-11-07 15:06:25,101 - WARNING - [send_at_command.py:144] - No operator information available for port COM8
2024-11-07 15:06:31,399 - INFO - [send_at_command.py:108] - Successfully opened port: COM8
2024-11-07 15:06:31,399 - DEBUG - [send_at_command.py:183] - Successfully sent command: AT
2024-11-07 15:06:31,400 - INFO - [send_at_command.py:192] - Response received: AT
2024-11-07 15:09:37,787 - DEBUG - [send_at_command.py:78] - Port detected: COM6 - HUAWEI Mobile Connect - 3G PC UI Interface (COM6)
2024-11-07 15:09:37,788 - DEBUG - [send_at_command.py:78] - Port detected: COM7 - HUAWEI Mobile Connect - 3G Application Interface (COM7)
2024-11-07 15:09:37,789 - DEBUG - [send_at_command.py:78] - Port detected: COM8 - HUAWEI Mobile Connect - 3G Modem (SIM port)
2024-11-07 15:09:37,793 - WARNING - [send_at_command.py:144] - No operator information available for port COM8
2024-11-07 15:10:05,251 - INFO - [send_at_command.py:108] - Successfully opened port: COM6
2024-11-07 15:10:05,251 - DEBUG - [send_at_command.py:183] - Successfully sent command: AT
2024-11-07 15:10:05,259 - INFO - [send_at_command.py:192] - Response received: AT
2024-11-07 15:10:07,993 - DEBUG - [send_at_command.py:78] - Port detected: COM6 - HUAWEI Mobile Connect - 3G PC UI Interface (COM6)
2024-11-07 15:10:07,993 - DEBUG - [send_at_command.py:78] - Port detected: COM7 - HUAWEI Mobile Connect - 3G Application Interface (COM7)
2024-11-07 15:10:07,993 - DEBUG - [send_at_command.py:78] - Port detected: COM8 - HUAWEI Mobile Connect - 3G Modem (SIM port)
2024-11-07 15:10:07,998 - WARNING - [send_at_command.py:144] - No operator information available for port COM8
2024-11-07 15:10:19,610 - INFO - [send_at_command.py:108] - Successfully opened port: COM6
2024-11-07 15:10:19,611 - DEBUG - [send_at_command.py:183] - Successfully sent command: AT+CUSD=1,*200#
2024-11-07 15:10:19,619 - INFO - [send_at_command.py:192] - Response received: AT+CUSD=1,*200#
